[debug] [2022-08-19T20:03:03.711Z] ----------------------------------------------------------------------
[debug] [2022-08-19T20:03:03.713Z] Command:       C:\Program Files\nodejs\node.exe C:\Users\sarwa\AppData\Roaming\npm\node_modules\firebase-tools\lib\bin\firebase.js init
[debug] [2022-08-19T20:03:03.713Z] CLI Version:   11.7.0
[debug] [2022-08-19T20:03:03.713Z] Platform:      win32
[debug] [2022-08-19T20:03:03.713Z] Node Version:  v16.15.0
[debug] [2022-08-19T20:03:03.714Z] Time:          Sat Aug 20 2022 01:03:03 GMT+0500 (Pakistan Standard Time)
[debug] [2022-08-19T20:03:03.714Z] ----------------------------------------------------------------------
[debug] 
[debug] [2022-08-19T20:03:03.716Z] >>> [apiv2][query] GET https://firebase-public.firebaseio.com/cli.json [none]
[debug] [2022-08-19T20:03:03.735Z] > command requires scopes: ["email","openid","https://www.googleapis.com/auth/cloudplatformprojects.readonly","https://www.googleapis.com/auth/firebase","https://www.googleapis.com/auth/cloud-platform"]
[debug] [2022-08-19T20:03:03.736Z] > authorizing via signed-in user (ak0554762@gmail.com)
[info] 
     ######## #### ########  ######## ########     ###     ######  ########
     ##        ##  ##     ## ##       ##     ##  ##   ##  ##       ##
     ######    ##  ########  ######   ########  #########  ######  ######
     ##        ##  ##    ##  ##       ##     ## ##     ##       ## ##
     ##       #### ##     ## ######## ########  ##     ##  ######  ########

You're about to initialize a Firebase project in this directory:

  C:\Users\sarwa\OneDrive\Desktop\assig

[debug] [2022-08-19T20:03:04.294Z] <<< [apiv2][status] GET https://firebase-public.firebaseio.com/cli.json 200
[debug] [2022-08-19T20:03:04.295Z] <<< [apiv2][body] GET https://firebase-public.firebaseio.com/cli.json {"cloudBuildErrorAfter":1594252800000,"cloudBuildWarnAfter":1590019200000,"defaultNode10After":1594252800000,"minVersion":"3.0.5","node8DeploysDisabledAfter":1613390400000,"node8RuntimeDisabledAfter":1615809600000,"node8WarnAfter":1600128000000}
[info] 
=== Project Setup
[info] 
[info] First, let's associate this project directory with a Firebase project.
[info] You can create multiple project aliases by running firebase use --add, 
[info] but for now we'll just set up a default project.
[info] 
[debug] [2022-08-19T20:04:51.074Z] > refreshing access token with scopes: []
[debug] [2022-08-19T20:04:51.076Z] >>> [apiv2][query] POST https://www.googleapis.com/oauth2/v3/token [none]
[debug] [2022-08-19T20:04:51.076Z] >>> [apiv2][body] POST https://www.googleapis.com/oauth2/v3/token [omitted]
[debug] [2022-08-19T20:04:51.493Z] <<< [apiv2][status] POST https://www.googleapis.com/oauth2/v3/token 200
[debug] [2022-08-19T20:04:51.493Z] <<< [apiv2][body] POST https://www.googleapis.com/oauth2/v3/token [omitted]
[debug] [2022-08-19T20:04:51.506Z] >>> [apiv2][query] GET https://firebase.googleapis.com/v1beta1/projects pageSize=100
[debug] [2022-08-19T20:04:52.184Z] <<< [apiv2][status] GET https://firebase.googleapis.com/v1beta1/projects 200
[debug] [2022-08-19T20:04:52.184Z] <<< [apiv2][body] GET https://firebase.googleapis.com/v1beta1/projects [omitted]
